--------------------------------------------------------------------------------
ESTADÍSTICAS GENERALES
--------------------------------------------------------------------------------
Total de registros cargados correctamente: 66
Total de registros rechazados: 24
Total de registros reparados: 30
--------------------------------------------------------------------------------
--------------------------------------------------------------------------------
ESTADÍSTICAS GENERALES
--------------------------------------------------------------------------------
Total de registros cargados correctamente: 66
Total de registros rechazados: 24
Total de registros reparados: 30
--------------------------------------------------------------------------------
--------------------------------------------------------------------------------
ESTADÍSTICAS GENERALES
--------------------------------------------------------------------------------
Total de registros cargados correctamente: 66
Total de registros rechazados: 24
Total de registros reparados: 30
--------------------------------------------------------------------------------
--------------------------------------------------------------------------------
ESTADÍSTICAS GENERALES
--------------------------------------------------------------------------------
Total de registros cargados correctamente: 66
Total de registros rechazados: 24
Total de registros reparados: 30
--------------------------------------------------------------------------------
-------------------------------------------------------------------------------
ESTADÍSTICAS GENERALES
--------------------------------------------------------------------------------
Total de registros cargados correctamente: 66
Total de registros rechazados: 24
Total de registros reparados: 30
--------------------------------------------------------------------------------
------------------------------------------------------------------------------
ESTADÍSTICAS GENERALES
--------------------------------------------------------------------------------
Total de registros cargados correctamente: 66
Total de registros rechazados: 24
Total de registros reparados: 30
--------------------------------------------------------------------------------
