Registros con errores y reparados: {fuente = XML, nombre = Risco La Zorrera, Localidad = Raso (El), motivo del error = Código postal con menos de 5 digitos, operación realizada = Reparado mediante la adición de 0 a la izquierda}
Registros con errores y reparados: {fuente = XML, nombre = Finca de las Garoza, Localidad = Muñogalindo, motivo del error = Código postal con menos de 5 digitos, operación realizada = Reparado mediante la adición de 0 a la izquierda}
Registros con errores y reparados: {fuente = XML, nombre = Peñaguila, Localidad = Muñogalindo, motivo del error = Código postal con menos de 5 digitos, operación realizada = Reparado mediante la adición de 0 a la izquierda}
Registros con errores y reparados: {fuente = XML, nombre = Abrigo de las Cabras, Localidad = Ojos-Albos, motivo del error = Código postal con menos de 5 digitos, operación realizada = Reparado mediante la adición de 0 a la izquierda}
Registros con errores y reparados: {fuente = XML, nombre = Peña Mingubela, Localidad = Ojos-Albos, motivo del error = Código postal con menos de 5 digitos, operación realizada = Reparado mediante la adición de 0 a la izquierda}
Registros con errores y reparados: {fuente = XML, nombre = Los Castillejos, Localidad = Sanchorreja, motivo del error = Código postal con menos de 5 digitos, operación realizada = Reparado mediante la adición de 0 a la izquierda}
Registros con errores y reparados: {fuente = XML, nombre = Cueva de San García, Localidad = Briongos de Cervera, motivo del error = Código postal con menos de 5 digitos, operación realizada = Reparado mediante la adición de 0 a la izquierda}
Registros con errores y reparados: {fuente = XML, nombre = Cuevas del Montico, Localidad = Albaina, motivo del error = Código postal con menos de 5 digitos, operación realizada = Reparado mediante la adición de 0 a la izquierda}
Registros con errores y reparados: {fuente = XML, nombre = Cuevas de Laño, Localidad = Laño, motivo del error = Código postal con menos de 5 digitos, operación realizada = Reparado mediante la adición de 0 a la izquierda}
Registros con errores y reparados: {fuente = XML, nombre = Yacimiento de La Ulaña, Localidad = Humada, motivo del error = Código postal con menos de 5 digitos, operación realizada = Reparado mediante la adición de 0 a la izquierda}
Registros con errores y reparados: {fuente = XML, nombre = Dolmen Cubillejo, Localidad = Cubillejo, motivo del error = Código postal con menos de 5 digitos, operación realizada = Reparado mediante la adición de 0 a la izquierda}
Registros con errores y reparados: {fuente = XML, nombre = Eremitorio Mozárabe de Cueva Andrés, Localidad = Quintanar de la Sierra, motivo del error = Código postal con menos de 5 digitos, operación realizada = Reparado mediante la adición de 0 a la izquierda}
Registros con errores y reparados: {fuente = XML, nombre = Necrópolis Altomedieval de Cuyacabras, Localidad = Quintanar de la Sierra, motivo del error = Código postal con menos de 5 digitos, operación realizada = Reparado mediante la adición de 0 a la izquierda}
Registros con errores y reparados: {fuente = XML, nombre = Yacimiento de Deobrigula, Localidad = Tardajos, motivo del error = Código postal con menos de 5 digitos, operación realizada = Reparado mediante la adición de 0 a la izquierda}
Registros con errores y reparados: {fuente = XML, nombre = Cueva del Azar, Localidad = Orbaneja del Castillo, motivo del error = Código postal con menos de 5 digitos, operación realizada = Reparado mediante la adición de 0 a la izquierda}
Registros con errores y reparados: {fuente = XML, nombre = Villa Romana de Los Casarejos, Localidad = San Martín de Losa, motivo del error = Código postal con menos de 5 digitos, operación realizada = Reparado mediante la adición de 0 a la izquierda}
Registros con errores y reparados: {fuente = XML, nombre = Pintura Rupestre La Peña del Pozo Rocebros, Localidad = Morla de la Valderia, motivo del error = Dirección sin valor, operación realizada = Reparado mediante la búsqueda de la dirección}
Registros con errores y reparados: {fuente = XML, nombre = Conjunto rupestre esquemático de Librán, Localidad = Libran, motivo del error = Dirección sin valor, operación realizada = Reparado mediante la búsqueda de la dirección}
Registros con errores y descartados: {fuente = XML, nombre = Yacimiento de La Corona de Corporales, Localidad = Corporales, motivo del error = Coordenadas fuera de rango}
Registros con errores y reparados: {fuente = XML, nombre = Conjunto rupestre de Peña Piñera, Localidad = Vega de Espinareda, motivo del error = Dirección sin valor, operación realizada = Reparado mediante la búsqueda de la dirección}
Registros con errores y descartados: {fuente = XML, nombre = Iglesia Martirial de Marialba de la Ribera, Localidad = Maríalba de la Ribera, motivo del error = Coordenadas fuera de rango}
Registros con errores y reparados: {fuente = XML, nombre = La Rueda, Localidad = Navarredonda de la Rinconada, motivo del error = Dirección sin valor, operación realizada = Reparado mediante la búsqueda de la dirección}
Registros con errores y reparados: {fuente = XML, nombre = Cueva del Tío Papas, Localidad = Valero, motivo del error = Dirección sin valor, operación realizada = Reparado mediante la búsqueda de la dirección}
Registros con errores y reparados: {fuente = XML, nombre = Antiguas Tenerías del Arrabal de San Segundo, Localidad = Ávila, motivo del error = Código postal con menos de 5 digitos, operación realizada = Reparado mediante la adición de 0 a la izquierda}
Registros con errores y descartados: {fuente = XML, nombre = Villa Romana de ;Los Villares;, Localidad = Santervás del Burgo, motivo del error = Coordenadas fuera de rango}
Registros con errores y reparados: {fuente = XML, nombre = Abrigo del Este y del Oeste, Localidad = Ligos, motivo del error = Dirección sin valor, operación realizada = Reparado mediante la búsqueda de la dirección}
Registros con errores y reparados: {fuente = XML, nombre = Villa romana de ;Los Quintanares;, Localidad = Rioseco de Soria, motivo del error = Dirección sin valor, operación realizada = Reparado mediante la búsqueda de la dirección}
Registros con errores y reparados: {fuente = XML, nombre = Ruinas Ciclopeas, Localidad = Santa María de Huerta, motivo del error = Dirección sin valor, operación realizada = Reparado mediante la búsqueda de la dirección}
Registros con errores y reparados: {fuente = XML, nombre = Castro y Cisternas Romanas del Teso de la Mora, Localidad = Molacillos, motivo del error = Dirección sin valor, operación realizada = Reparado mediante la búsqueda de la dirección}
Registros con errores y reparados: {fuente = XML, nombre = Castro del Buracote, Localidad = Fresno de la Carballeda, motivo del error = Dirección sin valor, operación realizada = Reparado mediante la búsqueda de la dirección}
Registros con errores y reparados: {fuente = XML, nombre = Yacimiento del Abrigo del Castillón. Sta Eulalia de Tábara, Localidad = Santa Eulalia de Tábara, motivo del error = Dirección sin valor, operación realizada = Reparado mediante la búsqueda de la dirección}
Registros con errores y reparados: {fuente = XML, nombre = El castro del Cerco. Sejas de Aliste., Localidad = Sejas de Aliste, motivo del error = Dirección sin valor, operación realizada = Reparado mediante la búsqueda de la dirección}
Registros con errores y reparados: {fuente = XML, nombre = Las Cogotas, Localidad = Cardeñosa, motivo del error = Código postal con menos de 5 digitos, operación realizada = Reparado mediante la adición de 0 a la izquierda}
Registros con errores y descartados: {fuente = XML, nombre = Calzada del Puerto del Pico, Localidad = Cuevas del Valle, motivo del error = Coordenadas fuera de rango}
Registros con errores y descartados: {fuente = XML, nombre = El Prado de las Cruces, Localidad = Bernuy-Salinero, motivo del error = Coordenadas fuera de rango}
Registros con errores y reparados: {fuente = XML, nombre = El Castro del Raso, Localidad = Candeleda, motivo del error = Código postal con menos de 5 digitos, operación realizada = Reparado mediante la adición de 0 a la izquierda}
Registros con errores y reparados: {fuente = XML, nombre = Pared de los Moros, Localidad = Niharra, motivo del error = Código postal con menos de 5 digitos, operación realizada = Reparado mediante la adición de 0 a la izquierda}
Registros con errores y reparados: {fuente = XML, nombre = Cabeza de Navasangil, Localidad = Solosancho, motivo del error = Código postal con menos de 5 digitos, operación realizada = Reparado mediante la adición de 0 a la izquierda}
Registros con errores y reparados: {fuente = XML, nombre = Conjunto dolménico de la Lora, Localidad = Sargentes de la Lora, motivo del error = Código postal con menos de 5 digitos, operación realizada = Reparado mediante la adición de 0 a la izquierda}
Registros con errores y reparados: {fuente = XML, nombre = Villa Romana de Ciella, Localidad = Valdeande, motivo del error = Código postal con menos de 5 digitos, operación realizada = Reparado mediante la adición de 0 a la izquierda}
Registros con errores y reparados: {fuente = XML, nombre = Necrópolis Altomedieval de Revenga, Localidad = Quintanar de la Sierra, motivo del error = Código postal con menos de 5 digitos, operación realizada = Reparado mediante la adición de 0 a la izquierda}
Registros con errores y reparados: {fuente = XML, nombre = Clunia, Localidad = Peñalba de Castro, motivo del error = Código postal con menos de 5 digitos, operación realizada = Reparado mediante la adición de 0 a la izquierda}
Registros con errores y reparados: {fuente = XML, nombre = Yacimiento de Rauda, Localidad = Roa, motivo del error = Código postal con menos de 5 digitos, operación realizada = Reparado mediante la adición de 0 a la izquierda}
Registros con errores y reparados: {fuente = XML, nombre = Villa romana de Santa Cruz, Localidad = Baños de Valdearados, motivo del error = Código postal con menos de 5 digitos, operación realizada = Reparado mediante la adición de 0 a la izquierda}
Registros con errores y reparados: {fuente = XML, nombre = Despoblado de Peña Amaya, Localidad = Amaya, motivo del error = Código postal con menos de 5 digitos, operación realizada = Reparado mediante la adición de 0 a la izquierda}
Registros con errores y reparados: {fuente = XML, nombre = Yacimiento Arqueológico de Lancia, Localidad = Villasabariego, motivo del error = Dirección sin valor, operación realizada = Reparado mediante la búsqueda de la dirección}
Registros con errores y reparados: {fuente = XML, nombre = Castro Ventosa, Localidad = Pieros, motivo del error = Dirección sin valor, operación realizada = Reparado mediante la búsqueda de la dirección}
Registros con errores y descartados: {fuente = XML, nombre = Castro de Chano. Centro de interpretación, Localidad = Chano, motivo del error = Coordenadas fuera de rango}
Registros con errores y descartados: {fuente = XML, nombre = Campamento Pisoraca, Localidad = Herrera de Pisuerga, motivo del error = Coordenadas fuera de rango}
Registros con errores y reparados: {fuente = XML, nombre = Villa Romana ;La Tejada;, Localidad = Quintanilla de la Cueza, motivo del error = Dirección sin valor, operación realizada = Reparado mediante la búsqueda de la dirección}
Registros con errores y reparados: {fuente = XML, nombre = Ermita rupestre de San Martín, Localidad = Villarén de Valdivia, motivo del error = Dirección sin valor, operación realizada = Reparado mediante la búsqueda de la dirección}
Registros con errores y reparados: {fuente = XML, nombre = La Velilla, Localidad = Osorno, motivo del error = Dirección sin valor, operación realizada = Reparado mediante la búsqueda de la dirección}
Registros con errores y descartados: {fuente = XML, nombre = Monte Bernorio, Localidad = Pomar de Valdivia, motivo del error = Coordenadas fuera de rango}
Registros con errores y reparados: {fuente = XML, nombre = Monte Cildá, Localidad = Olleros de Pisuerga, motivo del error = Dirección sin valor, operación realizada = Reparado mediante la búsqueda de la dirección}
Registros con errores y reparados: {fuente = XML, nombre = Yacimiento ;El Castillo;, Localidad = Saldeana, motivo del error = Dirección sin valor, operación realizada = Reparado mediante la búsqueda de la dirección}
Registros con errores y reparados: {fuente = XML, nombre = Dolmen de la Ermita de Galisancho, Localidad = Galisancho, motivo del error = Dirección sin valor, operación realizada = Reparado mediante la búsqueda de la dirección}
Registros con errores y reparados: {fuente = XML, nombre = El Cerro del Berrueco, Localidad = Tejado (El), motivo del error = Dirección sin valor, operación realizada = Reparado mediante la búsqueda de la dirección}
Registros con errores y reparados: {fuente = XML, nombre = Dolmen de Casa del Moro, Localidad = Muelledes, motivo del error = Dirección sin valor, operación realizada = Reparado mediante la búsqueda de la dirección}
Registros con errores y reparados: {fuente = XML, nombre = Dolmen de Terriñuelo, Localidad = Aldeavieja de Tormes, motivo del error = Dirección sin valor, operación realizada = Reparado mediante la búsqueda de la dirección}
Registros con errores y reparados: {fuente = XML, nombre = El Castro de Irueña, Localidad = Fuenteguinaldo, motivo del error = Dirección sin valor, operación realizada = Reparado mediante la búsqueda de la dirección}
Registros con errores y reparados: {fuente = XML, nombre = Lerilla, Localidad = Zamarra, motivo del error = Dirección sin valor, operación realizada = Reparado mediante la búsqueda de la dirección}
Registros con errores y reparados: {fuente = XML, nombre = Castro de Yecla de Yeltes, Localidad = Yecla de Yeltes, motivo del error = Dirección sin valor, operación realizada = Reparado mediante la búsqueda de la dirección}
Registros con errores y reparados: {fuente = XML, nombre = Cueva de los Siete Altares, Localidad = Villaseca, motivo del error = Dirección sin valor, operación realizada = Reparado mediante la búsqueda de la dirección}
Registros con errores y reparados: {fuente = XML, nombre = Cerro de la Virgen del Castillo, Localidad = Bernardos, motivo del error = Dirección sin valor, operación realizada = Reparado mediante la búsqueda de la dirección}
Registros con errores y descartados: {fuente = XML, nombre = Los Cinco Caños, Localidad = Coca, motivo del error = Coordenadas fuera de rango}
Registros con errores y reparados: {fuente = XML, nombre = La villa romana de Santa Lucía, Localidad = Aguilafuente, motivo del error = Dirección sin valor, operación realizada = Reparado mediante la búsqueda de la dirección}
Registros con errores y reparados: {fuente = XML, nombre = Uxama, Localidad = Osma, motivo del error = Dirección sin valor, operación realizada = Reparado mediante la búsqueda de la dirección}

Número de registros cargados correctamente : 72
--------------------------------------------------------------------------------
